#
# There is insufficient memory for the Java Runtime Environment to continue.
# Native memory allocation (mmap) failed to map 132120576 bytes. Error detail: G1 virtual space
# Possible reasons:
#   The system is out of physical RAM or swap space
#   This process is running with CompressedOops enabled, and the Java Heap may be blocking the growth of the native heap
# Possible solutions:
#   Reduce memory load on the system
#   Increase physical memory or swap space
#   Check if swap backing store is full
#   Decrease Java heap size (-Xmx/-Xms)
#   Decrease number of Java threads
#   Decrease Java thread stack sizes (-Xss)
#   Set larger code cache with -XX:ReservedCodeCacheSize=
#   JVM is running with Unscaled Compressed Oops mode in which the Java heap is
#     placed in the first 4GB address space. The Java Heap base address is the
#     maximum limit for the native heap growth. Please use -XX:HeapBaseMinAddress
#     to set the Java Heap base and to place the Java Heap above 4GB virtual address.
# This output file may be truncated or incomplete.
#
#  Out of Memory Error (os_windows.cpp:3703), pid=14968, tid=1540
#
# JRE version:  (23.0.1+11) (build )
# Java VM: Java HotSpot(TM) 64-Bit Server VM (23.0.1+11-39, mixed mode, sharing, tiered, compressed oops, compressed class ptrs, g1 gc, windows-amd64)
# No core dump will be written. Minidumps are not enabled by default on client versions of Windows
#

---------------  S U M M A R Y ------------

Command Line: com.bank.BankManagementSystem

Host: Intel(R) Core(TM) i3-7020U CPU @ 2.30GHz, 4 cores, 7G,  Windows 10 , 64 bit Build 19041 (10.0.19041.5678)
Time: Tue May 13 13:29:46 2025 India Standard Time elapsed time: 0.046201 seconds (0d 0h 0m 0s)

---------------  T H R E A D  ---------------

Current thread (0x000001aa1a33d610):  JavaThread "Unknown thread" [_thread_in_vm, id=1540, stack(0x00000068c7300000,0x00000068c7400000) (1024K)]

Stack: [0x00000068c7300000,0x00000068c7400000]
Native frames: (J=compiled Java code, j=interpreted, Vv=VM code, C=native code)
V  [jvm.dll+0x6e08b9]  (no source info available)
V  [jvm.dll+0x87dc83]  (no source info available)
V  [jvm.dll+0x88010e]  (no source info available)
V  [jvm.dll+0x8807e3]  (no source info available)
V  [jvm.dll+0x27aee6]  (no source info available)
V  [jvm.dll+0x6dd1c5]  (no source info available)
V  [jvm.dll+0x6d104a]  (no source info available)
V  [jvm.dll+0x35b3ea]  (no source info available)
V  [jvm.dll+0x3637f6]  (no source info available)
V  [jvm.dll+0x34fd5e]  (no source info available)
V  [jvm.dll+0x34fff8]  (no source info available)
V  [jvm.dll+0x3289cc]  (no source info available)
V  [jvm.dll+0x32966e]  (no source info available)
V  [jvm.dll+0x844355]  (no source info available)
V  [jvm.dll+0x3b9848]  (no source info available)
V  [jvm.dll+0x82d14c]  (no source info available)
V  [jvm.dll+0x454d4e]  (no source info available)
V  [jvm.dll+0x456bd1]  (no source info available)
C  [jli.dll+0x52a3]  (no source info available)
C  [ucrtbase.dll+0x21bb2]  (no source info available)
C  [KERNEL32.DLL+0x17374]  (no source info available)
C  [ntdll.dll+0x4cc91]  (no source info available)

Lock stack of current Java thread (top to bottom):


---------------  P R O C E S S  ---------------

Threads class SMR info:
_java_thread_list=0x00007ffb51803618, length=0, elements={
}

Java Threads: ( => current thread )
Total: 0

Other Threads:
  0x000001aa1a3949a0 WorkerThread "GC Thread#0"                     [id=9876, stack(0x00000068c7400000,0x00000068c7500000) (1024K)]
  0x000001aa1a3a96a0 ConcurrentGCThread "G1 Main Marker"            [id=3484, stack(0x00000068c7500000,0x00000068c7600000) (1024K)]
  0x000001aa1a3aa950 WorkerThread "G1 Conc#0"                       [id=5504, stack(0x00000068c7600000,0x00000068c7700000) (1024K)]

[error occurred during error reporting (printing all threads), id 0xc0000005, EXCEPTION_ACCESS_VIOLATION (0xc0000005) at pc=0x00007ffb50f4bfba]
VM state: not at safepoint (not fully initialized)

VM Mutex/Monitor currently owned by a thread:  ([mutex/lock_event])
[0x00007ffb51883a10] Heap_lock - owner thread: 0x000001aa1a33d610

Heap address: 0x0000000082000000, size: 2016 MB, Compressed Oops mode: 32-bit

CDS archive(s) mapped at: [0x0000000000000000-0x0000000000000000-0x0000000000000000), size 0, SharedBaseAddress: 0x0000000800000000, ArchiveRelocationMode: 1.
Narrow klass base: 0x0000000000000000, Narrow klass shift: 0, Narrow klass range: 0x0

GC Precious Log:
 CardTable entry size: 512
 Card Set container configuration: InlinePtr #cards 5 size 8 Array Of Cards #cards 10 size 36 Howl #buckets 4 coarsen threshold 1843 Howl Bitmap #cards 512 size 80 coarsen threshold 460 Card regions per heap region 1 cards per card region 2048

Heap:
 garbage-first heap   total reserved 2064384K, committed 0K, used 0K [0x0000000082000000, 0x0000000100000000)
  region size 1024K, 0 young (0K), 0 survivors (0K)

[error occurred during error reporting (printing heap information), id 0xc0000005, EXCEPTION_ACCESS_VIOLATION (0xc0000005) at pc=0x00007ffb5134c3c9]
GC Heap History (0 events):
No events

Dll operation events (1 events):
Event: 0.018 Loaded shared library C:\Program Files\Java\jdk-23\bin\java.dll

Deoptimization events (0 events):
No events

Classes loaded (0 events):
No events

Classes unloaded (0 events):
No events

Classes redefined (0 events):
No events

Internal exceptions (0 events):
No events

VM Operations (0 events):
No events

Memory protections (0 events):
No events

Nmethod flushes (0 events):
No events

Events (0 events):
No events


Dynamic libraries:
0x00007ff71b060000 - 0x00007ff71b070000 	C:\Program Files\Java\jdk-23\bin\java.exe
0x00007ffb9c690000 - 0x00007ffb9c888000 	C:\WINDOWS\SYSTEM32\ntdll.dll
0x00007ffb9bcf0000 - 0x00007ffb9bdb2000 	C:\WINDOWS\System32\KERNEL32.DLL
0x00007ffb99ee0000 - 0x00007ffb9a1d6000 	C:\WINDOWS\System32\KERNELBASE.dll
0x00007ffb9a340000 - 0x00007ffb9a440000 	C:\WINDOWS\System32\ucrtbase.dll
0x00007ffb90a40000 - 0x00007ffb90a5b000 	C:\Program Files\Java\jdk-23\bin\VCRUNTIME140.dll
0x00007ffb90a20000 - 0x00007ffb90a37000 	C:\Program Files\Java\jdk-23\bin\jli.dll
0x00007ffb9b2a0000 - 0x00007ffb9b43d000 	C:\WINDOWS\System32\USER32.dll
0x00007ffb98fe0000 - 0x00007ffb9927a000 	C:\WINDOWS\WinSxS\amd64_microsoft.windows.common-controls_6595b64144ccf1df_6.0.19041.4355_none_60b8b9eb71f62e16\COMCTL32.dll
0x00007ffb99eb0000 - 0x00007ffb99ed2000 	C:\WINDOWS\System32\win32u.dll
0x00007ffb9a800000 - 0x00007ffb9a82b000 	C:\WINDOWS\System32\GDI32.dll
0x00007ffb9c540000 - 0x00007ffb9c5de000 	C:\WINDOWS\System32\msvcrt.dll
0x00007ffb9a590000 - 0x00007ffb9a6aa000 	C:\WINDOWS\System32\gdi32full.dll
0x00007ffb9a4f0000 - 0x00007ffb9a58d000 	C:\WINDOWS\System32\msvcp_win.dll
0x00007ffb9a890000 - 0x00007ffb9a8bf000 	C:\WINDOWS\System32\IMM32.DLL
0x00007ffb90a10000 - 0x00007ffb90a1c000 	C:\Program Files\Java\jdk-23\bin\vcruntime140_1.dll
0x00007ffb6e910000 - 0x00007ffb6e99e000 	C:\Program Files\Java\jdk-23\bin\msvcp140.dll
0x00007ffb50c10000 - 0x00007ffb5195f000 	C:\Program Files\Java\jdk-23\bin\server\jvm.dll
0x00007ffb9c2e0000 - 0x00007ffb9c38f000 	C:\WINDOWS\System32\ADVAPI32.dll
0x00007ffb9b440000 - 0x00007ffb9b4df000 	C:\WINDOWS\System32\sechost.dll
0x00007ffb9a6d0000 - 0x00007ffb9a7f3000 	C:\WINDOWS\System32\RPCRT4.dll
0x00007ffb99db0000 - 0x00007ffb99dd7000 	C:\WINDOWS\System32\bcrypt.dll
0x00007ffb9c5e0000 - 0x00007ffb9c64b000 	C:\WINDOWS\System32\WS2_32.dll
0x00007ffb99ad0000 - 0x00007ffb99b1b000 	C:\WINDOWS\SYSTEM32\POWRPROF.dll
0x00007ffb8dbf0000 - 0x00007ffb8dc17000 	C:\WINDOWS\SYSTEM32\WINMM.dll
0x00007ffb92d60000 - 0x00007ffb92d6a000 	C:\WINDOWS\SYSTEM32\VERSION.dll
0x00007ffb99ab0000 - 0x00007ffb99ac2000 	C:\WINDOWS\SYSTEM32\UMPDC.dll
0x00007ffb975b0000 - 0x00007ffb975c2000 	C:\WINDOWS\SYSTEM32\kernel.appcore.dll
0x00007ffb8e780000 - 0x00007ffb8e78a000 	C:\Program Files\Java\jdk-23\bin\jimage.dll
0x00007ffb996a0000 - 0x00007ffb99884000 	C:\WINDOWS\SYSTEM32\DBGHELP.DLL
0x00007ffb99430000 - 0x00007ffb99464000 	C:\WINDOWS\SYSTEM32\dbgcore.DLL
0x00007ffb99d20000 - 0x00007ffb99da2000 	C:\WINDOWS\System32\bcryptPrimitives.dll
0x00007ffb82160000 - 0x00007ffb8217e000 	C:\Program Files\Java\jdk-23\bin\java.dll
0x00007ffb9ba90000 - 0x00007ffb9bbbb000 	C:\WINDOWS\System32\ole32.dll
0x00007ffb9bed0000 - 0x00007ffb9c225000 	C:\WINDOWS\System32\combase.dll
0x00007ffb9ab30000 - 0x00007ffb9b29f000 	C:\WINDOWS\System32\SHELL32.dll

dbghelp: loaded successfully - version: 4.0.5 - missing functions: none
symbol engine: initialized successfully - sym options: 0x614 - pdb path: .;C:\Program Files\Java\jdk-23\bin;C:\WINDOWS\SYSTEM32;C:\WINDOWS\WinSxS\amd64_microsoft.windows.common-controls_6595b64144ccf1df_6.0.19041.4355_none_60b8b9eb71f62e16;C:\Program Files\Java\jdk-23\bin\server

VM Arguments:
java_command: com.bank.BankManagementSystem
java_class_path (initial): target/classes;mysql-connector-j-8.0.33.jar
Launcher Type: SUN_STANDARD

[Global flags]
     intx CICompilerCount                          = 3                                         {product} {ergonomic}
     uint ConcGCThreads                            = 1                                         {product} {ergonomic}
     uint G1ConcRefinementThreads                  = 4                                         {product} {ergonomic}
   size_t G1HeapRegionSize                         = 1048576                                   {product} {ergonomic}
   size_t InitialHeapSize                          = 132120576                                 {product} {ergonomic}
   size_t MarkStackSize                            = 4194304                                   {product} {ergonomic}
   size_t MarkStackSizeMax                         = 536870912                                 {product} {ergonomic}
   size_t MaxHeapSize                              = 2113929216                                {product} {ergonomic}
   size_t MinHeapDeltaBytes                        = 1048576                                   {product} {ergonomic}
   size_t MinHeapSize                              = 8388608                                   {product} {ergonomic}
    uintx NonNMethodCodeHeapSize                   = 5832704                                {pd product} {ergonomic}
    uintx NonProfiledCodeHeapSize                  = 122945536                              {pd product} {ergonomic}
    uintx ProfiledCodeHeapSize                     = 122880000                              {pd product} {ergonomic}
    uintx ReservedCodeCacheSize                    = 251658240                              {pd product} {ergonomic}
     bool SegmentedCodeCache                       = true                                      {product} {ergonomic}
   size_t SoftMaxHeapSize                          = 2113929216                             {manageable} {ergonomic}
     bool UseCompressedOops                        = true                           {product lp64_product} {ergonomic}
     bool UseG1GC                                  = true                                      {product} {ergonomic}
     bool UseLargePagesIndividualAllocation        = false                                  {pd product} {ergonomic}

Logging:
Log output configuration:
 #0: stdout all=warning uptime,level,tags foldmultilines=false
 #1: stderr all=off uptime,level,tags foldmultilines=false

Environment Variables:
JAVA_HOME=C:\Program Files\Java\jdk-23\bin
PATH=C:\Program Files\Python313\Scripts\;C:\Program Files\Python313\;C:\Program Files\Common Files\Oracle\Java\javapath;C:\WINDOWS\system32;C:\WINDOWS;C:\WINDOWS\System32\Wbem;C:\WINDOWS\System32\WindowsPowerShell\v1.0\;C:\WINDOWS\System32\OpenSSH\;C:\Program Files\Java\jdk-23\bin;C:\Program Files\Git\cmd;C:\Program Files\Git\mingw64\bin;C:\Program Files\Git\usr\bin;C:\Users\DELL\AppData\Local\Microsoft\WindowsApps;C:\Program Files\MongoDB\Server\8.0\bin;C:\Users\DELL\AppData\Local\Programs\Microsoft VS Code\bin;C:\Users\DELL\AppData\Local\Programs\cursor\resources\app\bin
USERNAME=DELL
LANG=en_US.UTF-8
OS=Windows_NT
PROCESSOR_IDENTIFIER=Intel64 Family 6 Model 142 Stepping 9, GenuineIntel
TMP=C:\Users\DELL\AppData\Local\Temp
TEMP=C:\Users\DELL\AppData\Local\Temp




Periodic native trim disabled

---------------  S Y S T E M  ---------------

OS:
 Windows 10 , 64 bit Build 19041 (10.0.19041.5678)
OS uptime: 17 days 1:57 hours

CPU: total 4 (initial active 4) (2 cores per cpu, 2 threads per core) family 6 model 142 stepping 9 microcode 0xb4, cx8, cmov, fxsr, ht, mmx, 3dnowpref, sse, sse2, sse3, ssse3, sse4.1, sse4.2, popcnt, lzcnt, tsc, tscinvbit, avx, avx2, aes, erms, clmul, bmi1, bmi2, adx, fma, vzeroupper, clflush, clflushopt, rdtscp, f16c
Processor Information for processor 0
  Max Mhz: 2300, Current Mhz: 2300, Mhz Limit: 2300
Processor Information for processor 1
  Max Mhz: 2300, Current Mhz: 2300, Mhz Limit: 2300
Processor Information for processor 2
  Max Mhz: 2300, Current Mhz: 1500, Mhz Limit: 2300
Processor Information for processor 3
  Max Mhz: 2300, Current Mhz: 2300, Mhz Limit: 2300

Memory: 4k page, system-wide physical 8057M (709M free)
TotalPageFile size 10104M (AvailPageFile size 99M)
current process WorkingSet (physical memory assigned to process): 11M, peak: 11M
current process commit charge ("private bytes"): 52M, peak: 178M

vm_info: Java HotSpot(TM) 64-Bit Server VM (23.0.1+11-39) for windows-amd64 JRE (23.0.1+11-39), built on 2024-09-30T07:20:43Z with MS VC++ 17.6 (VS2022)

END.
